\BOOKMARK [0][-]{chapter.1}{Introduction}{}% 1
\BOOKMARK [1][-]{section.1.1}{Background \046 Context}{chapter.1}% 2
\BOOKMARK [1][-]{section.1.2}{Problem Definition}{chapter.1}% 3
\BOOKMARK [1][-]{section.1.3}{Solution}{chapter.1}% 4
\BOOKMARK [2][-]{subsection.1.3.1}{Existing solution}{section.1.3}% 5
\BOOKMARK [2][-]{subsection.1.3.2}{Proposed solution}{section.1.3}% 6
\BOOKMARK [1][-]{section.1.4}{The Challenge}{chapter.1}% 7
\BOOKMARK [1][-]{section.1.5}{Target Audience}{chapter.1}% 8
\BOOKMARK [1][-]{section.1.6}{Project Aims}{chapter.1}% 9
\BOOKMARK [1][-]{section.1.7}{Project Objective}{chapter.1}% 10
\BOOKMARK [1][-]{section.1.8}{Risk}{chapter.1}% 11
\BOOKMARK [1][-]{section.1.9}{Achievement}{chapter.1}% 12
\BOOKMARK [1][-]{section.1.10}{Android vs iOS}{chapter.1}% 13
\BOOKMARK [1][-]{section.1.11}{Success Criteria}{chapter.1}% 14
\BOOKMARK [0][-]{chapter.2}{Methodology}{}% 15
\BOOKMARK [1][-]{section.2.1}{Overview}{chapter.2}% 16
\BOOKMARK [1][-]{section.2.2}{Agile}{chapter.2}% 17
\BOOKMARK [2][-]{subsection.2.2.1}{XP}{section.2.2}% 18
\BOOKMARK [2][-]{subsection.2.2.2}{Scrum}{section.2.2}% 19
\BOOKMARK [1][-]{section.2.3}{Cowboy}{chapter.2}% 20
\BOOKMARK [1][-]{section.2.4}{How Agile Helped Cowboy}{chapter.2}% 21
\BOOKMARK [1][-]{section.2.5}{Project Plan}{chapter.2}% 22
\BOOKMARK [0][-]{chapter.3}{Requirements \046 Analysis}{}% 23
\BOOKMARK [1][-]{section.3.1}{Overview}{chapter.3}% 24
\BOOKMARK [1][-]{section.3.2}{Requirement \046 Analysis}{chapter.3}% 25
\BOOKMARK [1][-]{section.3.3}{Application Vision}{chapter.3}% 26
\BOOKMARK [0][-]{chapter.4}{Background Study}{}% 27
\BOOKMARK [1][-]{section.4.1}{Overview}{chapter.4}% 28
\BOOKMARK [2][-]{subsection.4.1.1}{OS}{section.4.1}% 29
\BOOKMARK [2][-]{subsection.4.1.2}{Database}{section.4.1}% 30
\BOOKMARK [1][-]{section.4.2}{Development Environment}{chapter.4}% 31
\BOOKMARK [2][-]{subsection.4.2.1}{JDK}{section.4.2}% 32
\BOOKMARK [2][-]{subsection.4.2.2}{SDK}{section.4.2}% 33
\BOOKMARK [2][-]{subsection.4.2.3}{Android Emulator}{section.4.2}% 34
\BOOKMARK [2][-]{subsection.4.2.4}{Graphic Layout}{section.4.2}% 35
\BOOKMARK [2][-]{subsection.4.2.5}{IDE}{section.4.2}% 36
\BOOKMARK [1][-]{section.4.3}{Android Framework and API}{chapter.4}% 37
\BOOKMARK [1][-]{section.4.4}{Developing Problem}{chapter.4}% 38
\BOOKMARK [0][-]{chapter.5}{Literature Review}{}% 39
\BOOKMARK [1][-]{section.5.1}{Applying Gamification to Univent}{chapter.5}% 40
\BOOKMARK [1][-]{section.5.2}{Related Work}{chapter.5}% 41
\BOOKMARK [2][-]{subsection.5.2.1}{Fever}{section.5.2}% 42
\BOOKMARK [2][-]{subsection.5.2.2}{EventBrite}{section.5.2}% 43
\BOOKMARK [1][-]{section.5.3}{Summary}{chapter.5}% 44
\BOOKMARK [0][-]{chapter.6}{Univent Design}{}% 45
\BOOKMARK [1][-]{section.6.1}{Overview}{chapter.6}% 46
\BOOKMARK [1][-]{section.6.2}{Android Application Design}{chapter.6}% 47
\BOOKMARK [1][-]{section.6.3}{Initial Design}{chapter.6}% 48
\BOOKMARK [1][-]{section.6.4}{Database Design}{chapter.6}% 49
\BOOKMARK [2][-]{subsection.6.4.1}{Security}{section.6.4}% 50
\BOOKMARK [2][-]{subsection.6.4.2}{General Architecture }{section.6.4}% 51
\BOOKMARK [0][-]{chapter.7}{Implementation}{}% 52
\BOOKMARK [1][-]{section.7.1}{Overview}{chapter.7}% 53
\BOOKMARK [1][-]{section.7.2}{Login \046 Register}{chapter.7}% 54
\BOOKMARK [1][-]{section.7.3}{Implementation of REST API}{chapter.7}% 55
\BOOKMARK [2][-]{subsection.7.3.1}{Sending Request to the Server}{section.7.3}% 56
\BOOKMARK [1][-]{section.7.4}{Sending Image to Server}{chapter.7}% 57
\BOOKMARK [1][-]{section.7.5}{Testing}{chapter.7}% 58
\BOOKMARK [2][-]{subsection.7.5.1}{System Testing}{section.7.5}% 59
\BOOKMARK [2][-]{subsection.7.5.2}{Black Box Testing}{section.7.5}% 60
\BOOKMARK [1][-]{section.7.6}{Publishing to Play Store}{chapter.7}% 61
\BOOKMARK [0][-]{chapter.8}{Evaluation}{}% 62
\BOOKMARK [1][-]{section.8.1}{Overview}{chapter.8}% 63
\BOOKMARK [2][-]{subsection.8.1.1}{Requirements Evaluation}{section.8.1}% 64
\BOOKMARK [1][-]{section.8.2}{Success Criteria}{chapter.8}% 65
\BOOKMARK [0][-]{chapter.9}{Conclusion}{}% 66
\BOOKMARK [1][-]{section.9.1}{Summary}{chapter.9}% 67
\BOOKMARK [1][-]{section.9.2}{Future Works}{chapter.9}% 68
\BOOKMARK [0][-]{section*.36}{Appendices}{}% 69
\BOOKMARK [1][-]{section.a..1}{Screen Design}{section*.36}% 70
\BOOKMARK [1][-]{section.a..2}{Android vs IOS}{section*.36}% 71
\BOOKMARK [1][-]{section.a..3}{JSON Data Format}{section*.36}% 72
\BOOKMARK [1][-]{section.a..4}{Test Suit}{section*.36}% 73
\BOOKMARK [1][-]{section.a..5}{Android Framework \046 API}{section*.36}% 74
\BOOKMARK [2][-]{subsection.a..5.1}{Application Component}{section.a..5}% 75
\BOOKMARK [2][-]{subsection.a..5.2}{Main Application Component}{section.a..5}% 76
\BOOKMARK [2][-]{subsection.a..5.3}{Additional Components}{section.a..5}% 77
\BOOKMARK [1][-]{section.a..6}{Sending Image to Server}{section*.36}% 78
\BOOKMARK [1][-]{section.a..7}{Project Proposal}{section*.36}% 79
\BOOKMARK [1][-]{section.a..8}{Gantchart}{section*.36}% 80
\BOOKMARK [1][-]{section.a..9}{Project Ethics}{section*.36}% 81
\BOOKMARK [1][-]{section.a..10}{Disk Content}{section*.36}% 82
